[INFO] Строка 204: Исправлен путь к изображению (![](_page_ -> ![](images/_page_)
[INFO] Строка 259: Исправлен путь к изображению (![](_page_ -> ![](images/_page_)
[INFO] Строка 289: Исправлен путь к изображению (![](_page_ -> ![](images/_page_)
[INFO] Строка 377: Исправлен путь к изображению (![](_page_ -> ![](images/_page_)
[INFO] Строка 426: Исправлен путь к изображению (![](_page_ -> ![](images/_page_)
[INFO] Строка 432: Исправлен путь к изображению (![](_page_ -> ![](images/_page_)
[INFO] Строка 444: Исправлен путь к изображению (![](_page_ -> ![](images/_page_)
[INFO] Строка 458: Исправлен путь к изображению (![](_page_ -> ![](images/_page_)
[INFO] Строка 476: Исправлен путь к изображению (![](_page_ -> ![](images/_page_)
[INFO] Строка 522: Исправлен путь к изображению (![](_page_ -> ![](images/_page_)
[INFO] Строка 546: Исправлен путь к изображению (![](_page_ -> ![](images/_page_)
[INFO] Строка 617: Исправлен путь к изображению (![](_page_ -> ![](images/_page_)
[INFO] Строка 750: Исправлен путь к изображению (![](_page_ -> ![](images/_page_)
[INFO] Строка 780: Исправлен путь к изображению (![](_page_ -> ![](images/_page_)
[INFO] Строка 862: Исправлен путь к изображению (![](_page_ -> ![](images/_page_)
[INFO] Строка 920: Исправлен путь к изображению (![](_page_ -> ![](images/_page_)
[INFO] Строка 965: Исправлен путь к изображению (![](_page_ -> ![](images/_page_)
[INFO] Строка 1064: Исправлен путь к изображению (![](_page_ -> ![](images/_page_)
[INFO] Строка 1191: Исправлен путь к изображению (![](_page_ -> ![](images/_page_)
[INFO] Строка 1195: Исправлен путь к изображению (![](_page_ -> ![](images/_page_)
[INFO] Строка 1283: Исправлен путь к изображению (![](_page_ -> ![](images/_page_)
[INFO] Строка 1305: Исправлен путь к изображению (![](_page_ -> ![](images/_page_)
[INFO] Строка 1363: Исправлен путь к изображению (![](_page_ -> ![](images/_page_)
[INFO] Строка 1496: Исправлен путь к изображению (![](_page_ -> ![](images/_page_)
[INFO] Строка 2110: Исправлен путь к изображению (![](_page_ -> ![](images/_page_)
[INFO] Строка 2149: Исправлен путь к изображению (![](_page_ -> ![](images/_page_)
[INFO] Строка 2189: Исправлен путь к изображению (![](_page_ -> ![](images/_page_)
[INFO] Строка 2265: Исправлен путь к изображению (![](_page_ -> ![](images/_page_)
[INFO] Строка 2394: Исправлен путь к изображению (![](_page_ -> ![](images/_page_)
[INFO] Строка 2410: Исправлен путь к изображению (![](_page_ -> ![](images/_page_)
[INFO] Строка 2440: Исправлен путь к изображению (![](_page_ -> ![](images/_page_)
[INFO] Строка 2510: Исправлен путь к изображению (![](_page_ -> ![](images/_page_)
[INFO] Строка 2562: Исправлен путь к изображению (![](_page_ -> ![](images/_page_)
[INFO] Строка 2601: Исправлен путь к изображению (![](_page_ -> ![](images/_page_)
[INFO] Строка 2804: Исправлен путь к изображению (![](_page_ -> ![](images/_page_)
[INFO] Строка 3038: Исправлен путь к изображению (![](_page_ -> ![](images/_page_)
[INFO] Строка 3246: Исправлен путь к изображению (![](_page_ -> ![](images/_page_)
[INFO] Строка 3255: Исправлен путь к изображению (![](_page_ -> ![](images/_page_)
[INFO] Строка 3262: Исправлен путь к изображению (![](_page_ -> ![](images/_page_)
[INFO] Строка 3272: Исправлен путь к изображению (![](_page_ -> ![](images/_page_)
[INFO] Строка 3283: Исправлен путь к изображению (![](_page_ -> ![](images/_page_)
[INFO] Строка 3285: Исправлен путь к изображению (![](_page_ -> ![](images/_page_)
[INFO] Строка 3287: Исправлен путь к изображению (![](_page_ -> ![](images/_page_)
[INFO] Строка 3376: Исправлен путь к изображению (![](_page_ -> ![](images/_page_)
[INFO] Строка 3415: Исправлен путь к изображению (![](_page_ -> ![](images/_page_)
[INFO] Строка 3457: Исправлен путь к изображению (![](_page_ -> ![](images/_page_)
[INFO] Строка 3502: Исправлен путь к изображению (![](_page_ -> ![](images/_page_)
[INFO] Строка 3825: Исправлен путь к изображению (![](_page_ -> ![](images/_page_)
[INFO] Строка 3912: Исправлен путь к изображению (![](_page_ -> ![](images/_page_)
[INFO] Строка 3918: Исправлен путь к изображению (![](_page_ -> ![](images/_page_)
[INFO] Строка 3975: Исправлен путь к изображению (![](_page_ -> ![](images/_page_)
[INFO] Строка 4060: Исправлен путь к изображению (![](_page_ -> ![](images/_page_)
[INFO] Строка 4066: Исправлен путь к изображению (![](_page_ -> ![](images/_page_)
[INFO] Строка 4163: Исправлен путь к изображению (![](_page_ -> ![](images/_page_)
[INFO] Строка 4169: Исправлен путь к изображению (![](_page_ -> ![](images/_page_)
[INFO] Строка 4231: Исправлен путь к изображению (![](_page_ -> ![](images/_page_)
[INFO] Строка 4562: Исправлен путь к изображению (![](_page_ -> ![](images/_page_)
[INFO] Строка 4701: Исправлен путь к изображению (![](_page_ -> ![](images/_page_)
[INFO] Строка 4852: Исправлен путь к изображению (![](_page_ -> ![](images/_page_)
[INFO] Строка 4889: Исправлен путь к изображению (![](_page_ -> ![](images/_page_)
[INFO] Строка 4913: Исправлен путь к изображению (![](_page_ -> ![](images/_page_)
[INFO] Строка 4929: Исправлен путь к изображению (![](_page_ -> ![](images/_page_)
[INFO] Строка 4975: Исправлен путь к изображению (![](_page_ -> ![](images/_page_)
[INFO] Строка 5068: Исправлен путь к изображению (![](_page_ -> ![](images/_page_)
[INFO] Строка 5129: Исправлен путь к изображению (![](_page_ -> ![](images/_page_)
[INFO] Строка 5143: Исправлен путь к изображению (![](_page_ -> ![](images/_page_)
[INFO] Строка 5226: Исправлен путь к изображению (![](_page_ -> ![](images/_page_)
[INFO] Строка 5232: Исправлен путь к изображению (![](_page_ -> ![](images/_page_)
[INFO] Строка 5242: Исправлен путь к изображению (![](_page_ -> ![](images/_page_)
[INFO] Строка 5269: Исправлен путь к изображению (![](_page_ -> ![](images/_page_)
[INFO] Строка 5279: Исправлен путь к изображению (![](_page_ -> ![](images/_page_)
[INFO] Строка 5310: Исправлен путь к изображению (![](_page_ -> ![](images/_page_)
[INFO] Строка 5468: Исправлен путь к изображению (![](_page_ -> ![](images/_page_)
[INFO] Строка 5547: Исправлен путь к изображению (![](_page_ -> ![](images/_page_)
[INFO] Строка 5583: Исправлен путь к изображению (![](_page_ -> ![](images/_page_)
[INFO] Строка 5747: Исправлен путь к изображению (![](_page_ -> ![](images/_page_)
[INFO] Строка 5771: Исправлен путь к изображению (![](_page_ -> ![](images/_page_)
[INFO] Строка 5809: Исправлен путь к изображению (![](_page_ -> ![](images/_page_)
[INFO] Строка 5979: Исправлен путь к изображению (![](_page_ -> ![](images/_page_)
[INFO] Строка 6010: Исправлен путь к изображению (![](_page_ -> ![](images/_page_)
[INFO] Строка 6072: Исправлен путь к изображению (![](_page_ -> ![](images/_page_)
[INFO] Строка 6085: Исправлен путь к изображению (![](_page_ -> ![](images/_page_)
[INFO] Строка 6521: Исправлен путь к изображению (![](_page_ -> ![](images/_page_)
[INFO] Строка 6568: Исправлен путь к изображению (![](_page_ -> ![](images/_page_)
[INFO] Строка 6609: Исправлен путь к изображению (![](_page_ -> ![](images/_page_)
[INFO] Строка 6886: Исправлен путь к изображению (![](_page_ -> ![](images/_page_)
[INFO] Строка 6894: Исправлен путь к изображению (![](_page_ -> ![](images/_page_)
[INFO] Строка 6971: Исправлен путь к изображению (![](_page_ -> ![](images/_page_)
[INFO] Строка 7249: Исправлен путь к изображению (![](_page_ -> ![](images/_page_)
[INFO] Строка 7462: Исправлен путь к изображению (![](_page_ -> ![](images/_page_)
[INFO] Строка 7813: Исправлен путь к изображению (![](_page_ -> ![](images/_page_)
[INFO] Строка 7837: Исправлен путь к изображению (![](_page_ -> ![](images/_page_)
[INFO] Строка 7961: Исправлен путь к изображению (![](_page_ -> ![](images/_page_)
[INFO] Строка 7994: Исправлен путь к изображению (![](_page_ -> ![](images/_page_)
[INFO] Строка 8270: Исправлен путь к изображению (![](_page_ -> ![](images/_page_)
[INFO] Строка 8330: Исправлен путь к изображению (![](_page_ -> ![](images/_page_)
[INFO] Строка 8366: Исправлен путь к изображению (![](_page_ -> ![](images/_page_)
[INFO] Строка 8431: Исправлен путь к изображению (![](_page_ -> ![](images/_page_)
[INFO] Строка 8447: Исправлен путь к изображению (![](_page_ -> ![](images/_page_)
[INFO] Строка 9155: Исправлен путь к изображению (![](_page_ -> ![](images/_page_)
[INFO] Строка 9274: Исправлен путь к изображению (![](_page_ -> ![](images/_page_)
[INFO] Строка 9276: Исправлен путь к изображению (![](_page_ -> ![](images/_page_)
[INFO] Строка 9360: Исправлен путь к изображению (![](_page_ -> ![](images/_page_)
[INFO] Строка 9479: Исправлен путь к изображению (![](_page_ -> ![](images/_page_)
[INFO] Строка 9485: Исправлен путь к изображению (![](_page_ -> ![](images/_page_)
[INFO] Строка 9503: Исправлен путь к изображению (![](_page_ -> ![](images/_page_)
[INFO] Строка 9637: Исправлен путь к изображению (![](_page_ -> ![](images/_page_)
[INFO] Строка 9639: Исправлен путь к изображению (![](_page_ -> ![](images/_page_)
[INFO] Строка 9694: Исправлен путь к изображению (![](_page_ -> ![](images/_page_)
[INFO] Строка 9704: Исправлен путь к изображению (![](_page_ -> ![](images/_page_)
[INFO] Строка 9714: Исправлен путь к изображению (![](_page_ -> ![](images/_page_)
[INFO] Строка 9720: Исправлен путь к изображению (![](_page_ -> ![](images/_page_)
[INFO] Строка 9724: Исправлен путь к изображению (![](_page_ -> ![](images/_page_)
[INFO] Строка 9990: Исправлен путь к изображению (![](_page_ -> ![](images/_page_)
[INFO] Строка 9994: Исправлен путь к изображению (![](_page_ -> ![](images/_page_)
[INFO] Строка 10032: Исправлен путь к изображению (![](_page_ -> ![](images/_page_)
[INFO] Строка 10268: Исправлен путь к изображению (![](_page_ -> ![](images/_page_)
[INFO] Строка 10390: Исправлен путь к изображению (![](_page_ -> ![](images/_page_)
[INFO] Строка 10568: Исправлен путь к изображению (![](_page_ -> ![](images/_page_)
[INFO] Строка 10827: Исправлен путь к изображению (![](_page_ -> ![](images/_page_)
[INFO] Строка 10875: Исправлен путь к изображению (![](_page_ -> ![](images/_page_)
[INFO] Строка 11187: Исправлен путь к изображению (![](_page_ -> ![](images/_page_)
[INFO] Строка 11231: Исправлен путь к изображению (![](_page_ -> ![](images/_page_)
[INFO] Строка 11331: Исправлен путь к изображению (![](_page_ -> ![](images/_page_)
[INFO] Строка 11397: Исправлен путь к изображению (![](_page_ -> ![](images/_page_)
[INFO] Строка 11416: Исправлен путь к изображению (![](_page_ -> ![](images/_page_)
[INFO] Строка 11660: Исправлен путь к изображению (![](_page_ -> ![](images/_page_)
[INFO] Строка 11674: Исправлен путь к изображению (![](_page_ -> ![](images/_page_)
[INFO] Строка 11740: Исправлен путь к изображению (![](_page_ -> ![](images/_page_)
[INFO] Строка 11762: Исправлен путь к изображению (![](_page_ -> ![](images/_page_)
[INFO] Строка 11766: Исправлен путь к изображению (![](_page_ -> ![](images/_page_)
[INFO] Строка 11881: Исправлен путь к изображению (![](_page_ -> ![](images/_page_)
[INFO] Строка 12014: Исправлен путь к изображению (![](_page_ -> ![](images/_page_)
[INFO] Строка 12135: Исправлен путь к изображению (![](_page_ -> ![](images/_page_)
[INFO] Строка 12228: Исправлен путь к изображению (![](_page_ -> ![](images/_page_)
[INFO] Строка 12334: Исправлен путь к изображению (![](_page_ -> ![](images/_page_)
[INFO] Строка 12374: Исправлен путь к изображению (![](_page_ -> ![](images/_page_)
[INFO] Строка 12409: Исправлен путь к изображению (![](_page_ -> ![](images/_page_)
[INFO] Строка 12445: Исправлен путь к изображению (![](_page_ -> ![](images/_page_)
[INFO] Строка 12525: Исправлен путь к изображению (![](_page_ -> ![](images/_page_)
[INFO] Строка 12529: Исправлен путь к изображению (![](_page_ -> ![](images/_page_)
[INFO] Строка 12682: Исправлен путь к изображению (![](_page_ -> ![](images/_page_)
[INFO] Строка 12732: Исправлен путь к изображению (![](_page_ -> ![](images/_page_)
[INFO] Строка 12771: Исправлен путь к изображению (![](_page_ -> ![](images/_page_)
[INFO] Строка 12806: Исправлен путь к изображению (![](_page_ -> ![](images/_page_)
[INFO] Строка 13023: Исправлен путь к изображению (![](_page_ -> ![](images/_page_)
[INFO] Строка 13356: Исправлен путь к изображению (![](_page_ -> ![](images/_page_)
[INFO] Строка 13370: Исправлен путь к изображению (![](_page_ -> ![](images/_page_)
[INFO] Строка 13475: Исправлен путь к изображению (![](_page_ -> ![](images/_page_)
[INFO] Строка 13477: Исправлен путь к изображению (![](_page_ -> ![](images/_page_)
[INFO] Строка 13481: Исправлен путь к изображению (![](_page_ -> ![](images/_page_)
[INFO] Строка 13511: Исправлен путь к изображению (![](_page_ -> ![](images/_page_)
[INFO] Строка 13629: Исправлен путь к изображению (![](_page_ -> ![](images/_page_)
[INFO] Строка 13786: Исправлен путь к изображению (![](_page_ -> ![](images/_page_)
[INFO] Строка 13790: Исправлен путь к изображению (![](_page_ -> ![](images/_page_)
[INFO] Строка 13825: Исправлен путь к изображению (![](_page_ -> ![](images/_page_)
[INFO] Строка 13911: Исправлен путь к изображению (![](_page_ -> ![](images/_page_)
[INFO] Строка 13955: Исправлен путь к изображению (![](_page_ -> ![](images/_page_)
[INFO] Строка 14003: Исправлен путь к изображению (![](_page_ -> ![](images/_page_)
[INFO] Строка 14119: Исправлен путь к изображению (![](_page_ -> ![](images/_page_)
[INFO] Строка 14347: Исправлен путь к изображению (![](_page_ -> ![](images/_page_)
[INFO] Строка 14668: Исправлен путь к изображению (![](_page_ -> ![](images/_page_)
[INFO] Строка 14698: Исправлен путь к изображению (![](_page_ -> ![](images/_page_)
[INFO] Строка 14855: Исправлен путь к изображению (![](_page_ -> ![](images/_page_)
[INFO] Строка 14901: Исправлен путь к изображению (![](_page_ -> ![](images/_page_)
[INFO] Строка 14905: Исправлен путь к изображению (![](_page_ -> ![](images/_page_)
[INFO] Строка 14966: Исправлен путь к изображению (![](_page_ -> ![](images/_page_)
[INFO] Строка 14975: Исправлен путь к изображению (![](_page_ -> ![](images/_page_)
[INFO] Строка 15058: Исправлен путь к изображению (![](_page_ -> ![](images/_page_)
[INFO] Строка 15176: Исправлен путь к изображению (![](_page_ -> ![](images/_page_)
[INFO] Строка 15178: Исправлен путь к изображению (![](_page_ -> ![](images/_page_)
[INFO] Строка 15182: Исправлен путь к изображению (![](_page_ -> ![](images/_page_)
[INFO] Строка 15186: Исправлен путь к изображению (![](_page_ -> ![](images/_page_)
[INFO] Строка 8674: Убран лишний слеш: \\lambda -> \lambda
[INFO] Строка 11437: Убран лишний слеш: \\cos -> \cos
[INFO] Строка 11807: Убран лишний слеш: \\frac -> \frac
[INFO] Строка 78: Удалены пустые строки (разрывы абзацев) внутри формулы.
[INFO] Строка 82: Удалены пустые строки (разрывы абзацев) внутри формулы.
[INFO] Строка 90: Удалены пустые строки (разрывы абзацев) внутри формулы.
[INFO] Строка 94: Удалены пустые строки (разрывы абзацев) внутри формулы.
[INFO] Строка 163: Удалены пустые строки (разрывы абзацев) внутри формулы.
[INFO] Строка 169: Удалены пустые строки (разрывы абзацев) внутри формулы.
[INFO] Строка 173: Удалены пустые строки (разрывы абзацев) внутри формулы.
[INFO] Строка 177: Удалены пустые строки (разрывы абзацев) внутри формулы.
[INFO] Строка 195: Удалены пустые строки (разрывы абзацев) внутри формулы.
[WARNING] Строка 321: Дисбаланс фигурных скобок в формуле! Открыто: 5, Закрыто: 4. <-- ТРЕБУЕТ РУЧНОЙ ПРОВЕРКИ!
[INFO] Строка 446: Удалены пустые строки (разрывы абзацев) внутри формулы.
[INFO] Строка 452: Удалены пустые строки (разрывы абзацев) внутри формулы.
[INFO] Строка 472: Удалены пустые строки (разрывы абзацев) внутри формулы.
[INFO] Строка 484: Удалены пустые строки (разрывы абзацев) внутри формулы.
[INFO] Строка 490: Удалены пустые строки (разрывы абзацев) внутри формулы.
[INFO] Строка 496: Удалены пустые строки (разрывы абзацев) внутри формулы.
[INFO] Строка 500: Удалены пустые строки (разрывы абзацев) внутри формулы.
[INFO] Строка 508: Удалены пустые строки (разрывы абзацев) внутри формулы.
[INFO] Строка 512: Удалены пустые строки (разрывы абзацев) внутри формулы.
[INFO] Строка 528: Удалены пустые строки (разрывы абзацев) внутри формулы.
[INFO] Строка 554: Удалены пустые строки (разрывы абзацев) внутри формулы.
[INFO] Строка 565: Удалены пустые строки (разрывы абзацев) внутри формулы.
[INFO] Строка 571: Удалены пустые строки (разрывы абзацев) внутри формулы.
[INFO] Строка 583: Удалены пустые строки (разрывы абзацев) внутри формулы.
[INFO] Строка 601: Удалены пустые строки (разрывы абзацев) внутри формулы.
[INFO] Строка 643: Удалены пустые строки (разрывы абзацев) внутри формулы.
[INFO] Строка 653: Удалены пустые строки (разрывы абзацев) внутри формулы.
[INFO] Строка 657: Удалены пустые строки (разрывы абзацев) внутри формулы.
[INFO] Строка 659: Удалены пустые строки (разрывы абзацев) внутри формулы.
[INFO] Строка 665: Удалены пустые строки (разрывы абзацев) внутри формулы.
[INFO] Строка 669: Удалены пустые строки (разрывы абзацев) внутри формулы.
[INFO] Строка 675: Удалены пустые строки (разрывы абзацев) внутри формулы.
[INFO] Строка 683: Удалены пустые строки (разрывы абзацев) внутри формулы.
[INFO] Строка 705: Удалены пустые строки (разрывы абзацев) внутри формулы.
[INFO] Строка 711: Удалены пустые строки (разрывы абзацев) внутри формулы.
[INFO] Строка 717: Удалены пустые строки (разрывы абзацев) внутри формулы.
[INFO] Строка 723: Удалены пустые строки (разрывы абзацев) внутри формулы.
[INFO] Строка 746: Удалены пустые строки (разрывы абзацев) внутри формулы.
[INFO] Строка 1273: Удалены пустые строки (разрывы абзацев) внутри формулы.
[INFO] Строка 1275: Удалены пустые строки (разрывы абзацев) внутри формулы.
[INFO] Строка 1277: Удалены пустые строки (разрывы абзацев) внутри формулы.
[WARNING] Строка 1620: Дисбаланс фигурных скобок в формуле! Открыто: 11, Закрыто: 10. <-- ТРЕБУЕТ РУЧНОЙ ПРОВЕРКИ!
[WARNING] Строка 1630: Дисбаланс фигурных скобок в формуле! Открыто: 8, Закрыто: 7. <-- ТРЕБУЕТ РУЧНОЙ ПРОВЕРКИ!
[WARNING] Строка 1660: Дисбаланс фигурных скобок в формуле! Открыто: 8, Закрыто: 7. <-- ТРЕБУЕТ РУЧНОЙ ПРОВЕРКИ!
[WARNING] Строка 1676: Дисбаланс фигурных скобок в формуле! Открыто: 7, Закрыто: 6. <-- ТРЕБУЕТ РУЧНОЙ ПРОВЕРКИ!
[INFO] Строка 1729: Удалены пустые строки (разрывы абзацев) внутри формулы.
[INFO] Строка 1744: Удалены пустые строки (разрывы абзацев) внутри формулы.
[INFO] Строка 1760: Удалены пустые строки (разрывы абзацев) внутри формулы.
[INFO] Строка 1768: Удалены пустые строки (разрывы абзацев) внутри формулы.
[INFO] Строка 1776: Удалены пустые строки (разрывы абзацев) внутри формулы.
[INFO] Строка 1786: Удалены пустые строки (разрывы абзацев) внутри формулы.
[INFO] Строка 1794: Удалены пустые строки (разрывы абзацев) внутри формулы.
[INFO] Строка 1804: Удалены пустые строки (разрывы абзацев) внутри формулы.
[INFO] Строка 1809: Удалены пустые строки (разрывы абзацев) внутри формулы.
[INFO] Строка 1819: Удалены пустые строки (разрывы абзацев) внутри формулы.
[INFO] Строка 1831: Удалены пустые строки (разрывы абзацев) внутри формулы.
[INFO] Строка 1839: Удалены пустые строки (разрывы абзацев) внутри формулы.
[INFO] Строка 1847: Удалены пустые строки (разрывы абзацев) внутри формулы.
[INFO] Строка 1855: Удалены пустые строки (разрывы абзацев) внутри формулы.
[INFO] Строка 1872: Удалены пустые строки (разрывы абзацев) внутри формулы.
[INFO] Строка 1880: Удалены пустые строки (разрывы абзацев) внутри формулы.
[INFO] Строка 1892: Удалены пустые строки (разрывы абзацев) внутри формулы.
[INFO] Строка 1896: Удалены пустые строки (разрывы абзацев) внутри формулы.
[INFO] Строка 1901: Удалены пустые строки (разрывы абзацев) внутри формулы.
[INFO] Строка 1911: Удалены пустые строки (разрывы абзацев) внутри формулы.
[INFO] Строка 1916: Удалены пустые строки (разрывы абзацев) внутри формулы.
[INFO] Строка 1926: Удалены пустые строки (разрывы абзацев) внутри формулы.
[INFO] Строка 1936: Удалены пустые строки (разрывы абзацев) внутри формулы.
[INFO] Строка 1941: Удалены пустые строки (разрывы абзацев) внутри формулы.
[INFO] Строка 1963: Удалены пустые строки (разрывы абзацев) внутри формулы.
[INFO] Строка 1971: Удалены пустые строки (разрывы абзацев) внутри формулы.
[INFO] Строка 1979: Удалены пустые строки (разрывы абзацев) внутри формулы.
[INFO] Строка 1984: Удалены пустые строки (разрывы абзацев) внутри формулы.
[INFO] Строка 1992: Удалены пустые строки (разрывы абзацев) внутри формулы.
[INFO] Строка 2000: Удалены пустые строки (разрывы абзацев) внутри формулы.
[INFO] Строка 2016: Удалены пустые строки (разрывы абзацев) внутри формулы.
[INFO] Строка 2028: Удалены пустые строки (разрывы абзацев) внутри формулы.
[INFO] Строка 2038: Удалены пустые строки (разрывы абзацев) внутри формулы.
[INFO] Строка 2048: Удалены пустые строки (разрывы абзацев) внутри формулы.
[INFO] Строка 2052: Удалены пустые строки (разрывы абзацев) внутри формулы.
[INFO] Строка 2057: Удалены пустые строки (разрывы абзацев) внутри формулы.
[INFO] Строка 2067: Удалены пустые строки (разрывы абзацев) внутри формулы.
[INFO] Строка 2077: Удалены пустые строки (разрывы абзацев) внутри формулы.
[INFO] Строка 2130: Удалены пустые строки (разрывы абзацев) внутри формулы.
[INFO] Строка 2140: Удалены пустые строки (разрывы абзацев) внутри формулы.
[INFO] Строка 2158: Удалены пустые строки (разрывы абзацев) внутри формулы.
[INFO] Строка 2168: Удалены пустые строки (разрывы абзацев) внутри формулы.
[INFO] Строка 2182: Удалены пустые строки (разрывы абзацев) внутри формулы.
[INFO] Строка 2200: Удалены пустые строки (разрывы абзацев) внутри формулы.
[INFO] Строка 2208: Удалены пустые строки (разрывы абзацев) внутри формулы.
[INFO] Строка 2220: Удалены пустые строки (разрывы абзацев) внутри формулы.
[INFO] Строка 2230: Удалены пустые строки (разрывы абзацев) внутри формулы.
[INFO] Строка 2235: Удалены пустые строки (разрывы абзацев) внутри формулы.
[INFO] Строка 2240: Удалены пустые строки (разрывы абзацев) внутри формулы.
[INFO] Строка 2244: Удалены пустые строки (разрывы абзацев) внутри формулы.
[INFO] Строка 2249: Удалены пустые строки (разрывы абзацев) внутри формулы.
[INFO] Строка 3217: Удалены пустые строки (разрывы абзацев) внутри формулы.
[INFO] Строка 3222: Удалены пустые строки (разрывы абзацев) внутри формулы.
[INFO] Строка 3227: Удалены пустые строки (разрывы абзацев) внутри формулы.
[INFO] Строка 3232: Удалены пустые строки (разрывы абзацев) внутри формулы.
[INFO] Строка 3237: Удалены пустые строки (разрывы абзацев) внутри формулы.
[INFO] Строка 3241: Удалены пустые строки (разрывы абзацев) внутри формулы.
[INFO] Строка 3262: Удалены пустые строки (разрывы абзацев) внутри формулы.
[INFO] Строка 3267: Удалены пустые строки (разрывы абзацев) внутри формулы.
[INFO] Строка 3317: Удалены пустые строки (разрывы абзацев) внутри формулы.
[INFO] Строка 3324: Удалены пустые строки (разрывы абзацев) внутри формулы.
[INFO] Строка 3332: Удалены пустые строки (разрывы абзацев) внутри формулы.
[INFO] Строка 3342: Удалены пустые строки (разрывы абзацев) внутри формулы.
[INFO] Строка 3352: Удалены пустые строки (разрывы абзацев) внутри формулы.
[INFO] Строка 3362: Удалены пустые строки (разрывы абзацев) внутри формулы.
[INFO] Строка 3367: Удалены пустые строки (разрывы абзацев) внутри формулы.
[INFO] Строка 3387: Удалены пустые строки (разрывы абзацев) внутри формулы.
[INFO] Строка 3399: Удалены пустые строки (разрывы абзацев) внутри формулы.
[INFO] Строка 3404: Удалены пустые строки (разрывы абзацев) внутри формулы.
[INFO] Строка 3426: Удалены пустые строки (разрывы абзацев) внутри формулы.
[INFO] Строка 3434: Удалены пустые строки (разрывы абзацев) внутри формулы.
[INFO] Строка 3444: Удалены пустые строки (разрывы абзацев) внутри формулы.
[INFO] Строка 3452: Удалены пустые строки (разрывы абзацев) внутри формулы.
[INFO] Строка 3471: Удалены пустые строки (разрывы абзацев) внутри формулы.
[INFO] Строка 3489: Удалены пустые строки (разрывы абзацев) внутри формулы.
[INFO] Строка 3497: Удалены пустые строки (разрывы абзацев) внутри формулы.
[INFO] Строка 3513: Удалены пустые строки (разрывы абзацев) внутри формулы.
[INFO] Строка 3521: Удалены пустые строки (разрывы абзацев) внутри формулы.
[INFO] Строка 3529: Удалены пустые строки (разрывы абзацев) внутри формулы.
[INFO] Строка 3541: Удалены пустые строки (разрывы абзацев) внутри формулы.
[INFO] Строка 3546: Удалены пустые строки (разрывы абзацев) внутри формулы.
[INFO] Строка 3566: Удалены пустые строки (разрывы абзацев) внутри формулы.
[INFO] Строка 3578: Удалены пустые строки (разрывы абзацев) внутри формулы.
[INFO] Строка 3583: Удалены пустые строки (разрывы абзацев) внутри формулы.
[INFO] Строка 3588: Удалены пустые строки (разрывы абзацев) внутри формулы.
[INFO] Строка 3604: Удалены пустые строки (разрывы абзацев) внутри формулы.
[INFO] Строка 3613: Удалены пустые строки (разрывы абзацев) внутри формулы.
[INFO] Строка 3618: Удалены пустые строки (разрывы абзацев) внутри формулы.
[INFO] Строка 3629: Удалены пустые строки (разрывы абзацев) внутри формулы.
[INFO] Строка 3641: Удалены пустые строки (разрывы абзацев) внутри формулы.
[INFO] Строка 3646: Удалены пустые строки (разрывы абзацев) внутри формулы.
[INFO] Строка 3651: Удалены пустые строки (разрывы абзацев) внутри формулы.
[INFO] Строка 3656: Удалены пустые строки (разрывы абзацев) внутри формулы.
[INFO] Строка 3664: Удалены пустые строки (разрывы абзацев) внутри формулы.
[INFO] Строка 3672: Удалены пустые строки (разрывы абзацев) внутри формулы.
[INFO] Строка 3680: Удалены пустые строки (разрывы абзацев) внутри формулы.
[INFO] Строка 3685: Удалены пустые строки (разрывы абзацев) внутри формулы.
[INFO] Строка 3693: Удалены пустые строки (разрывы абзацев) внутри формулы.
[INFO] Строка 3701: Удалены пустые строки (разрывы абзацев) внутри формулы.
[INFO] Строка 3715: Удалены пустые строки (разрывы абзацев) внутри формулы.
[INFO] Строка 3720: Удалены пустые строки (разрывы абзацев) внутри формулы.
[INFO] Строка 3740: Удалены пустые строки (разрывы абзацев) внутри формулы.
[WARNING] Строка 3794: Дисбаланс фигурных скобок в формуле! Открыто: 12, Закрыто: 11. <-- ТРЕБУЕТ РУЧНОЙ ПРОВЕРКИ!
[INFO] Строка 3979: Удалены пустые строки (разрывы абзацев) внутри формулы.
[INFO] Строка 3990: Удалены пустые строки (разрывы абзацев) внутри формулы.
[INFO] Строка 4002: Удалены пустые строки (разрывы абзацев) внутри формулы.
[INFO] Строка 4012: Удалены пустые строки (разрывы абзацев) внутри формулы.
[INFO] Строка 4020: Удалены пустые строки (разрывы абзацев) внутри формулы.
[INFO] Строка 4028: Удалены пустые строки (разрывы абзацев) внутри формулы.
[INFO] Строка 4038: Удалены пустые строки (разрывы абзацев) внутри формулы.
[INFO] Строка 4046: Удалены пустые строки (разрывы абзацев) внутри формулы.
[INFO] Строка 4055: Удалены пустые строки (разрывы абзацев) внутри формулы.
[INFO] Строка 4083: Удалены пустые строки (разрывы абзацев) внутри формулы.
[INFO] Строка 4091: Удалены пустые строки (разрывы абзацев) внутри формулы.
[INFO] Строка 4101: Удалены пустые строки (разрывы абзацев) внутри формулы.
[INFO] Строка 4111: Удалены пустые строки (разрывы абзацев) внутри формулы.
[INFO] Строка 4116: Удалены пустые строки (разрывы абзацев) внутри формулы.
[INFO] Строка 4126: Удалены пустые строки (разрывы абзацев) внутри формулы.
[INFO] Строка 4346: Удалены пустые строки (разрывы абзацев) внутри формулы.
[INFO] Строка 4351: Удалены пустые строки (разрывы абзацев) внутри формулы.
[INFO] Строка 4355: Удалены пустые строки (разрывы абзацев) внутри формулы.
[INFO] Строка 4360: Удалены пустые строки (разрывы абзацев) внутри формулы.
[INFO] Строка 4369: Удалены пустые строки (разрывы абзацев) внутри формулы.
[INFO] Строка 4389: Удалены пустые строки (разрывы абзацев) внутри формулы.
[INFO] Строка 4394: Удалены пустые строки (разрывы абзацев) внутри формулы.
[INFO] Строка 4402: Удалены пустые строки (разрывы абзацев) внутри формулы.
[INFO] Строка 4414: Удалены пустые строки (разрывы абзацев) внутри формулы.
[INFO] Строка 4419: Удалены пустые строки (разрывы абзацев) внутри формулы.
[INFO] Строка 4435: Удалены пустые строки (разрывы абзацев) внутри формулы.
[INFO] Строка 4440: Удалены пустые строки (разрывы абзацев) внутри формулы.
[INFO] Строка 4454: Удалены пустые строки (разрывы абзацев) внутри формулы.
[INFO] Строка 4466: Удалены пустые строки (разрывы абзацев) внутри формулы.
[INFO] Строка 4474: Удалены пустые строки (разрывы абзацев) внутри формулы.
[INFO] Строка 4486: Удалены пустые строки (разрывы абзацев) внутри формулы.
[INFO] Строка 4496: Удалены пустые строки (разрывы абзацев) внутри формулы.
[INFO] Строка 4504: Удалены пустые строки (разрывы абзацев) внутри формулы.
[INFO] Строка 4514: Удалены пустые строки (разрывы абзацев) внутри формулы.
[INFO] Строка 4522: Удалены пустые строки (разрывы абзацев) внутри формулы.
[INFO] Строка 4536: Удалены пустые строки (разрывы абзацев) внутри формулы.
[INFO] Строка 4547: Удалены пустые строки (разрывы абзацев) внутри формулы.
[INFO] Строка 4557: Удалены пустые строки (разрывы абзацев) внутри формулы.
[INFO] Строка 4571: Удалены пустые строки (разрывы абзацев) внутри формулы.
[INFO] Строка 4585: Удалены пустые строки (разрывы абзацев) внутри формулы.
[INFO] Строка 4599: Удалены пустые строки (разрывы абзацев) внутри формулы.
[INFO] Строка 4615: Удалены пустые строки (разрывы абзацев) внутри формулы.
[INFO] Строка 4633: Удалены пустые строки (разрывы абзацев) внутри формулы.
[INFO] Строка 4638: Удалены пустые строки (разрывы абзацев) внутри формулы.
[INFO] Строка 4648: Удалены пустые строки (разрывы абзацев) внутри формулы.
[INFO] Строка 4664: Удалены пустые строки (разрывы абзацев) внутри формулы.
[INFO] Строка 4672: Удалены пустые строки (разрывы абзацев) внутри формулы.
[INFO] Строка 4680: Удалены пустые строки (разрывы абзацев) внутри формулы.
[INFO] Строка 4694: Удалены пустые строки (разрывы абзацев) внутри формулы.
[INFO] Строка 4715: Удалены пустые строки (разрывы абзацев) внутри формулы.
[INFO] Строка 4723: Удалены пустые строки (разрывы абзацев) внутри формулы.
[INFO] Строка 4748: Удалены пустые строки (разрывы абзацев) внутри формулы.
[INFO] Строка 4758: Удалены пустые строки (разрывы абзацев) внутри формулы.
[INFO] Строка 4762: Удалены пустые строки (разрывы абзацев) внутри формулы.
[INFO] Строка 4767: Удалены пустые строки (разрывы абзацев) внутри формулы.
[INFO] Строка 4783: Удалены пустые строки (разрывы абзацев) внутри формулы.
[INFO] Строка 4788: Удалены пустые строки (разрывы абзацев) внутри формулы.
[INFO] Строка 4793: Удалены пустые строки (разрывы абзацев) внутри формулы.
[INFO] Строка 4805: Удалены пустые строки (разрывы абзацев) внутри формулы.
[INFO] Строка 4821: Удалены пустые строки (разрывы абзацев) внутри формулы.
[INFO] Строка 4829: Удалены пустые строки (разрывы абзацев) внутри формулы.
[INFO] Строка 4847: Удалены пустые строки (разрывы абзацев) внутри формулы.
[INFO] Строка 4873: Удалены пустые строки (разрывы абзацев) внутри формулы.
[INFO] Строка 4879: Удалены пустые строки (разрывы абзацев) внутри формулы.
[INFO] Строка 4884: Удалены пустые строки (разрывы абзацев) внутри формулы.
[INFO] Строка 4908: Удалены пустые строки (разрывы абзацев) внутри формулы.
[INFO] Строка 4924: Удалены пустые строки (разрывы абзацев) внутри формулы.
[INFO] Строка 4940: Удалены пустые строки (разрывы абзацев) внутри формулы.
[INFO] Строка 4945: Удалены пустые строки (разрывы абзацев) внутри формулы.
[INFO] Строка 4950: Удалены пустые строки (разрывы абзацев) внутри формулы.
[INFO] Строка 4955: Удалены пустые строки (разрывы абзацев) внутри формулы.
[INFO] Строка 4960: Удалены пустые строки (разрывы абзацев) внутри формулы.
[INFO] Строка 4965: Удалены пустые строки (разрывы абзацев) внутри формулы.
[INFO] Строка 4970: Удалены пустые строки (разрывы абзацев) внутри формулы.
[INFO] Строка 4986: Удалены пустые строки (разрывы абзацев) внутри формулы.
[INFO] Строка 4996: Удалены пустые строки (разрывы абзацев) внутри формулы.
[INFO] Строка 5006: Удалены пустые строки (разрывы абзацев) внутри формулы.
[INFO] Строка 5011: Удалены пустые строки (разрывы абзацев) внутри формулы.
[INFO] Строка 5019: Удалены пустые строки (разрывы абзацев) внутри формулы.
[WARNING] Строка 5376: Дисбаланс фигурных скобок в формуле! Открыто: 16, Закрыто: 14. <-- ТРЕБУЕТ РУЧНОЙ ПРОВЕРКИ!
[INFO] Строка 5879: Удалены пустые строки (разрывы абзацев) внутри формулы.
[INFO] Строка 5886: Удалены пустые строки (разрывы абзацев) внутри формулы.
[INFO] Строка 5894: Удалены пустые строки (разрывы абзацев) внутри формулы.
[INFO] Строка 5904: Удалены пустые строки (разрывы абзацев) внутри формулы.
[INFO] Строка 5914: Удалены пустые строки (разрывы абзацев) внутри формулы.
[INFO] Строка 5919: Удалены пустые строки (разрывы абзацев) внутри формулы.
[INFO] Строка 5929: Удалены пустые строки (разрывы абзацев) внутри формулы.
[INFO] Строка 5934: Удалены пустые строки (разрывы абзацев) внутри формулы.
[INFO] Строка 5948: Удалены пустые строки (разрывы абзацев) внутри формулы.
[INFO] Строка 5964: Удалены пустые строки (разрывы абзацев) внутри формулы.
[INFO] Строка 5974: Удалены пустые строки (разрывы абзацев) внутри формулы.
[INFO] Строка 6005: Удалены пустые строки (разрывы абзацев) внутри формулы.
[INFO] Строка 6021: Удалены пустые строки (разрывы абзацев) внутри формулы.
[INFO] Строка 6026: Удалены пустые строки (разрывы абзацев) внутри формулы.
[INFO] Строка 6031: Удалены пустые строки (разрывы абзацев) внутри формулы.
[INFO] Строка 6043: Удалены пустые строки (разрывы абзацев) внутри формулы.
[INFO] Строка 6053: Удалены пустые строки (разрывы абзацев) внутри формулы.
[INFO] Строка 6100: Удалены пустые строки (разрывы абзацев) внутри формулы.
[INFO] Строка 6114: Удалены пустые строки (разрывы абзацев) внутри формулы.
[INFO] Строка 6127: Удалены пустые строки (разрывы абзацев) внутри формулы.
[INFO] Строка 6145: Удалены пустые строки (разрывы абзацев) внутри формулы.
[INFO] Строка 6155: Удалены пустые строки (разрывы абзацев) внутри формулы.
[INFO] Строка 6160: Удалены пустые строки (разрывы абзацев) внутри формулы.
[INFO] Строка 6169: Удалены пустые строки (разрывы абзацев) внутри формулы.
[INFO] Строка 6185: Удалены пустые строки (разрывы абзацев) внутри формулы.
[INFO] Строка 6193: Удалены пустые строки (разрывы абзацев) внутри формулы.
[INFO] Строка 6212: Удалены пустые строки (разрывы абзацев) внутри формулы.
[INFO] Строка 6228: Удалены пустые строки (разрывы абзацев) внутри формулы.
[INFO] Строка 6236: Удалены пустые строки (разрывы абзацев) внутри формулы.
[INFO] Строка 6243: Удалены пустые строки (разрывы абзацев) внутри формулы.
[INFO] Строка 6248: Удалены пустые строки (разрывы абзацев) внутри формулы.
[INFO] Строка 6253: Удалены пустые строки (разрывы абзацев) внутри формулы.
[INFO] Строка 6261: Удалены пустые строки (разрывы абзацев) внутри формулы.
[INFO] Строка 6269: Удалены пустые строки (разрывы абзацев) внутри формулы.
[INFO] Строка 6285: Удалены пустые строки (разрывы абзацев) внутри формулы.
[INFO] Строка 6294: Удалены пустые строки (разрывы абзацев) внутри формулы.
[INFO] Строка 6302: Удалены пустые строки (разрывы абзацев) внутри формулы.
[INFO] Строка 6589: Удалены пустые строки (разрывы абзацев) внутри формулы.
[INFO] Строка 6596: Удалены пустые строки (разрывы абзацев) внутри формулы.
[INFO] Строка 6604: Удалены пустые строки (разрывы абзацев) внутри формулы.
[INFO] Строка 6618: Удалены пустые строки (разрывы абзацев) внутри формулы.
[INFO] Строка 6623: Удалены пустые строки (разрывы абзацев) внутри формулы.
[INFO] Строка 6631: Удалены пустые строки (разрывы абзацев) внутри формулы.
[INFO] Строка 6640: Удалены пустые строки (разрывы абзацев) внутри формулы.
[INFO] Строка 6645: Удалены пустые строки (разрывы абзацев) внутри формулы.
[INFO] Строка 6653: Удалены пустые строки (разрывы абзацев) внутри формулы.
[INFO] Строка 6659: Удалены пустые строки (разрывы абзацев) внутри формулы.
[INFO] Строка 6666: Удалены пустые строки (разрывы абзацев) внутри формулы.
[INFO] Строка 6674: Удалены пустые строки (разрывы абзацев) внутри формулы.
[INFO] Строка 6684: Удалены пустые строки (разрывы абзацев) внутри формулы.
[INFO] Строка 6696: Удалены пустые строки (разрывы абзацев) внутри формулы.
[INFO] Строка 6704: Удалены пустые строки (разрывы абзацев) внутри формулы.
[INFO] Строка 6709: Удалены пустые строки (разрывы абзацев) внутри формулы.
[INFO] Строка 6714: Удалены пустые строки (разрывы абзацев) внутри формулы.
[INFO] Строка 6722: Удалены пустые строки (разрывы абзацев) внутри формулы.
[INFO] Строка 6727: Удалены пустые строки (разрывы абзацев) внутри формулы.
[INFO] Строка 6737: Удалены пустые строки (разрывы абзацев) внутри формулы.
[INFO] Строка 6744: Удалены пустые строки (разрывы абзацев) внутри формулы.
[INFO] Строка 6764: Удалены пустые строки (разрывы абзацев) внутри формулы.
[INFO] Строка 6772: Удалены пустые строки (разрывы абзацев) внутри формулы.
[INFO] Строка 6792: Удалены пустые строки (разрывы абзацев) внутри формулы.
[INFO] Строка 6796: Удалены пустые строки (разрывы абзацев) внутри формулы.
[INFO] Строка 6801: Удалены пустые строки (разрывы абзацев) внутри формулы.
[INFO] Строка 6811: Удалены пустые строки (разрывы абзацев) внутри формулы.
[INFO] Строка 6836: Удалены пустые строки (разрывы абзацев) внутри формулы.
[INFO] Строка 6841: Удалены пустые строки (разрывы абзацев) внутри формулы.
[INFO] Строка 6851: Удалены пустые строки (разрывы абзацев) внутри формулы.
[INFO] Строка 6859: Удалены пустые строки (разрывы абзацев) внутри формулы.
[INFO] Строка 6867: Удалены пустые строки (разрывы абзацев) внутри формулы.
[INFO] Строка 6875: Удалены пустые строки (разрывы абзацев) внутри формулы.
[INFO] Строка 6905: Удалены пустые строки (разрывы абзацев) внутри формулы.
[INFO] Строка 6917: Удалены пустые строки (разрывы абзацев) внутри формулы.
[INFO] Строка 6925: Удалены пустые строки (разрывы абзацев) внутри формулы.
[INFO] Строка 6933: Удалены пустые строки (разрывы абзацев) внутри формулы.
[INFO] Строка 6941: Удалены пустые строки (разрывы абзацев) внутри формулы.
[INFO] Строка 6949: Удалены пустые строки (разрывы абзацев) внутри формулы.
[INFO] Строка 6954: Удалены пустые строки (разрывы абзацев) внутри формулы.
[INFO] Строка 6962: Удалены пустые строки (разрывы абзацев) внутри формулы.
[INFO] Строка 6983: Удалены пустые строки (разрывы абзацев) внутри формулы.
[INFO] Строка 6999: Удалены пустые строки (разрывы абзацев) внутри формулы.
[INFO] Строка 7011: Удалены пустые строки (разрывы абзацев) внутри формулы.
[INFO] Строка 7019: Удалены пустые строки (разрывы абзацев) внутри формулы.
[INFO] Строка 7033: Удалены пустые строки (разрывы абзацев) внутри формулы.
[INFO] Строка 7049: Удалены пустые строки (разрывы абзацев) внутри формулы.
[INFO] Строка 7054: Удалены пустые строки (разрывы абзацев) внутри формулы.
[INFO] Строка 7062: Удалены пустые строки (разрывы абзацев) внутри формулы.
[INFO] Строка 7072: Удалены пустые строки (разрывы абзацев) внутри формулы.
[INFO] Строка 7076: Удалены пустые строки (разрывы абзацев) внутри формулы.
[INFO] Строка 7081: Удалены пустые строки (разрывы абзацев) внутри формулы.
[INFO] Строка 7369: Удалены пустые строки (разрывы абзацев) внутри формулы.
[INFO] Строка 7376: Удалены пустые строки (разрывы абзацев) внутри формулы.
[INFO] Строка 7381: Удалены пустые строки (разрывы абзацев) внутри формулы.
[INFO] Строка 7389: Удалены пустые строки (разрывы абзацев) внутри формулы.
[INFO] Строка 7399: Удалены пустые строки (разрывы абзацев) внутри формулы.
[WARNING] Строка 7417: Дисбаланс фигурных скобок в формуле! Открыто: 12, Закрыто: 11. <-- ТРЕБУЕТ РУЧНОЙ ПРОВЕРКИ!
[WARNING] Строка 7425: Дисбаланс фигурных скобок в формуле! Открыто: 9, Закрыто: 8. <-- ТРЕБУЕТ РУЧНОЙ ПРОВЕРКИ!
[WARNING] Строка 7547: Дисбаланс фигурных скобок в формуле! Открыто: 8, Закрыто: 7. <-- ТРЕБУЕТ РУЧНОЙ ПРОВЕРКИ!
[WARNING] Строка 7702: Дисбаланс фигурных скобок в формуле! Открыто: 18, Закрыто: 16. <-- ТРЕБУЕТ РУЧНОЙ ПРОВЕРКИ!
[INFO] Строка 7778: Удалены пустые строки (разрывы абзацев) внутри формулы.
[INFO] Строка 8743: Удалены пустые строки (разрывы абзацев) внутри формулы.
[INFO] Строка 8748: Удалены пустые строки (разрывы абзацев) внутри формулы.
[INFO] Строка 8756: Удалены пустые строки (разрывы абзацев) внутри формулы.
[INFO] Строка 8764: Удалены пустые строки (разрывы абзацев) внутри формулы.
[INFO] Строка 8772: Удалены пустые строки (разрывы абзацев) внутри формулы.
[INFO] Строка 8780: Удалены пустые строки (разрывы абзацев) внутри формулы.
[INFO] Строка 8790: Удалены пустые строки (разрывы абзацев) внутри формулы.
[INFO] Строка 8798: Удалены пустые строки (разрывы абзацев) внутри формулы.
[INFO] Строка 8814: Удалены пустые строки (разрывы абзацев) внутри формулы.
[INFO] Строка 8823: Удалены пустые строки (разрывы абзацев) внутри формулы.
[INFO] Строка 8837: Удалены пустые строки (разрывы абзацев) внутри формулы.
[INFO] Строка 8845: Удалены пустые строки (разрывы абзацев) внутри формулы.
[INFO] Строка 8871: Удалены пустые строки (разрывы абзацев) внутри формулы.
[INFO] Строка 8876: Удалены пустые строки (разрывы абзацев) внутри формулы.
[INFO] Строка 8904: Удалены пустые строки (разрывы абзацев) внутри формулы.
[INFO] Строка 8912: Удалены пустые строки (разрывы абзацев) внутри формулы.
[INFO] Строка 8922: Удалены пустые строки (разрывы абзацев) внутри формулы.
[INFO] Строка 8938: Удалены пустые строки (разрывы абзацев) внутри формулы.
[INFO] Строка 8943: Удалены пустые строки (разрывы абзацев) внутри формулы.
[INFO] Строка 8948: Удалены пустые строки (разрывы абзацев) внутри формулы.
[INFO] Строка 8958: Удалены пустые строки (разрывы абзацев) внутри формулы.
[INFO] Строка 8968: Удалены пустые строки (разрывы абзацев) внутри формулы.
[INFO] Строка 8978: Удалены пустые строки (разрывы абзацев) внутри формулы.
[INFO] Строка 8992: Удалены пустые строки (разрывы абзацев) внутри формулы.
[INFO] Строка 8997: Удалены пустые строки (разрывы абзацев) внутри формулы.
[INFO] Строка 9005: Удалены пустые строки (разрывы абзацев) внутри формулы.
[INFO] Строка 9010: Удалены пустые строки (разрывы абзацев) внутри формулы.
[INFO] Строка 9018: Удалены пустые строки (разрывы абзацев) внутри формулы.
[INFO] Строка 9023: Удалены пустые строки (разрывы абзацев) внутри формулы.
[INFO] Строка 9031: Удалены пустые строки (разрывы абзацев) внутри формулы.
[INFO] Строка 9036: Удалены пустые строки (разрывы абзацев) внутри формулы.
[INFO] Строка 9066: Удалены пустые строки (разрывы абзацев) внутри формулы.
[INFO] Строка 9074: Удалены пустые строки (разрывы абзацев) внутри формулы.
[INFO] Строка 9090: Удалены пустые строки (разрывы абзацев) внутри формулы.
[INFO] Строка 9100: Удалены пустые строки (разрывы абзацев) внутри формулы.
[INFO] Строка 9108: Удалены пустые строки (разрывы абзацев) внутри формулы.
[INFO] Строка 9120: Удалены пустые строки (разрывы абзацев) внутри формулы.
[INFO] Строка 9130: Удалены пустые строки (разрывы абзацев) внутри формулы.
[INFO] Строка 9142: Удалены пустые строки (разрывы абзацев) внутри формулы.
[INFO] Строка 9150: Удалены пустые строки (разрывы абзацев) внутри формулы.
[INFO] Строка 9164: Удалены пустые строки (разрывы абзацев) внутри формулы.
[INFO] Строка 9174: Удалены пустые строки (разрывы абзацев) внутри формулы.
[INFO] Строка 9182: Удалены пустые строки (разрывы абзацев) внутри формулы.
[INFO] Строка 9190: Удалены пустые строки (разрывы абзацев) внутри формулы.
[INFO] Строка 9195: Удалены пустые строки (разрывы абзацев) внутри формулы.
[INFO] Строка 9200: Удалены пустые строки (разрывы абзацев) внутри формулы.
[INFO] Строка 9218: Удалены пустые строки (разрывы абзацев) внутри формулы.
[INFO] Строка 9226: Удалены пустые строки (разрывы абзацев) внутри формулы.
[INFO] Строка 9234: Удалены пустые строки (разрывы абзацев) внутри формулы.
[INFO] Строка 9239: Удалены пустые строки (разрывы абзацев) внутри формулы.
[INFO] Строка 9244: Удалены пустые строки (разрывы абзацев) внутри формулы.
[INFO] Строка 9253: Удалены пустые строки (разрывы абзацев) внутри формулы.
[INFO] Строка 9269: Удалены пустые строки (разрывы абзацев) внутри формулы.
[INFO] Строка 9285: Удалены пустые строки (разрывы абзацев) внутри формулы.
[INFO] Строка 9313: Удалены пустые строки (разрывы абзацев) внутри формулы.
[INFO] Строка 9323: Удалены пустые строки (разрывы абзацев) внутри формулы.
[INFO] Строка 9333: Удалены пустые строки (разрывы абзацев) внутри формулы.
[INFO] Строка 9341: Удалены пустые строки (разрывы абзацев) внутри формулы.
[INFO] Строка 9355: Удалены пустые строки (разрывы абзацев) внутри формулы.
[INFO] Строка 9473: Удалены пустые строки (разрывы абзацев) внутри формулы.
[INFO] Строка 9477: Удалены пустые строки (разрывы абзацев) внутри формулы.
[INFO] Строка 9522: Удалены пустые строки (разрывы абзацев) внутри формулы.
[INFO] Строка 9680: Удалены пустые строки (разрывы абзацев) внутри формулы.
[INFO] Строка 9702: Удалены пустые строки (разрывы абзацев) внутри формулы.
[WARNING] Строка 10166: Дисбаланс фигурных скобок в формуле! Открыто: 13, Закрыто: 11. <-- ТРЕБУЕТ РУЧНОЙ ПРОВЕРКИ!
[INFO] Строка 10426: Удалены пустые строки (разрывы абзацев) внутри формулы.
[INFO] Строка 10433: Удалены пустые строки (разрывы абзацев) внутри формулы.
[INFO] Строка 10471: Удалены пустые строки (разрывы абзацев) внутри формулы.
[INFO] Строка 10760: Удалены пустые строки (разрывы абзацев) внутри формулы.
[INFO] Строка 10765: Удалены пустые строки (разрывы абзацев) внутри формулы.
[INFO] Строка 10768: Удалены пустые строки (разрывы абзацев) внутри формулы.
[INFO] Строка 10802: Удалены пустые строки (разрывы абзацев) внутри формулы.
[INFO] Строка 10807: Удалены пустые строки (разрывы абзацев) внутри формулы.
[INFO] Строка 10844: Удалены пустые строки (разрывы абзацев) внутри формулы.
[INFO] Строка 10849: Удалены пустые строки (разрывы абзацев) внутри формулы.
[INFO] Строка 10852: Удалены пустые строки (разрывы абзацев) внутри формулы.
[INFO] Строка 10857: Удалены пустые строки (разрывы абзацев) внутри формулы.
[INFO] Строка 10862: Удалены пустые строки (разрывы абзацев) внутри формулы.
[INFO] Строка 10870: Удалены пустые строки (разрывы абзацев) внутри формулы.
[INFO] Строка 10888: Удалены пустые строки (разрывы абзацев) внутри формулы.
[INFO] Строка 10896: Удалены пустые строки (разрывы абзацев) внутри формулы.
[INFO] Строка 10905: Удалены пустые строки (разрывы абзацев) внутри формулы.
[INFO] Строка 10913: Удалены пустые строки (разрывы абзацев) внутри формулы.
[INFO] Строка 10918: Удалены пустые строки (разрывы абзацев) внутри формулы.
[INFO] Строка 10926: Удалены пустые строки (разрывы абзацев) внутри формулы.
[INFO] Строка 10957: Удалены пустые строки (разрывы абзацев) внутри формулы.
[INFO] Строка 10962: Удалены пустые строки (разрывы абзацев) внутри формулы.
[INFO] Строка 10974: Удалены пустые строки (разрывы абзацев) внутри формулы.
[INFO] Строка 10982: Удалены пустые строки (разрывы абзацев) внутри формулы.
[INFO] Строка 10996: Удалены пустые строки (разрывы абзацев) внутри формулы.
[INFO] Строка 11026: Удалены пустые строки (разрывы абзацев) внутри формулы.
[INFO] Строка 11031: Удалены пустые строки (разрывы абзацев) внутри формулы.
[INFO] Строка 11042: Удалены пустые строки (разрывы абзацев) внутри формулы.
[INFO] Строка 11401: Удалены пустые строки (разрывы абзацев) внутри формулы.
[INFO] Строка 11488: Удалены пустые строки (разрывы абзацев) внутри формулы.
[INFO] Строка 11495: Удалены пустые строки (разрывы абзацев) внутри формулы.
[INFO] Строка 11503: Удалены пустые строки (разрывы абзацев) внутри формулы.
[INFO] Строка 11525: Удалены пустые строки (разрывы абзацев) внутри формулы.
[INFO] Строка 11533: Удалены пустые строки (разрывы абзацев) внутри формулы.
[INFO] Строка 11579: Удалены пустые строки (разрывы абзацев) внутри формулы.
[INFO] Строка 11600: Удалены пустые строки (разрывы абзацев) внутри формулы.
[INFO] Строка 11725: Удалены пустые строки (разрывы абзацев) внутри формулы.
[INFO] Строка 11753: Удалены пустые строки (разрывы абзацев) внутри формулы.
[INFO] Строка 11896: Удалены пустые строки (разрывы абзацев) внутри формулы.
[INFO] Строка 11903: Удалены пустые строки (разрывы абзацев) внутри формулы.
[INFO] Строка 11937: Удалены пустые строки (разрывы абзацев) внутри формулы.
[INFO] Строка 11953: Удалены пустые строки (разрывы абзацев) внутри формулы.
[INFO] Строка 11965: Удалены пустые строки (разрывы абзацев) внутри формулы.
[INFO] Строка 11978: Удалены пустые строки (разрывы абзацев) внутри формулы.
[INFO] Строка 11988: Удалены пустые строки (разрывы абзацев) внутри формулы.
[INFO] Строка 11996: Удалены пустые строки (разрывы абзацев) внутри формулы.
[INFO] Строка 12001: Удалены пустые строки (разрывы абзацев) внутри формулы.
[INFO] Строка 12009: Удалены пустые строки (разрывы абзацев) внутри формулы.
[INFO] Строка 12030: Удалены пустые строки (разрывы абзацев) внутри формулы.
[INFO] Строка 12039: Удалены пустые строки (разрывы абзацев) внутри формулы.
[INFO] Строка 12053: Удалены пустые строки (разрывы абзацев) внутри формулы.
[INFO] Строка 12063: Удалены пустые строки (разрывы абзацев) внутри формулы.
[INFO] Строка 12091: Удалены пустые строки (разрывы абзацев) внутри формулы.
[INFO] Строка 12099: Удалены пустые строки (разрывы абзацев) внутри формулы.
[INFO] Строка 12119: Удалены пустые строки (разрывы абзацев) внутри формулы.
[INFO] Строка 12123: Удалены пустые строки (разрывы абзацев) внутри формулы.
[INFO] Строка 12128: Удалены пустые строки (разрывы абзацев) внутри формулы.
[INFO] Строка 12160: Удалены пустые строки (разрывы абзацев) внутри формулы.
[INFO] Строка 12183: Удалены пустые строки (разрывы абзацев) внутри формулы.
[INFO] Строка 12188: Удалены пустые строки (разрывы абзацев) внутри формулы.
[INFO] Строка 12198: Удалены пустые строки (разрывы абзацев) внутри формулы.
[INFO] Строка 12239: Удалены пустые строки (разрывы абзацев) внутри формулы.
[INFO] Строка 12243: Удалены пустые строки (разрывы абзацев) внутри формулы.
[INFO] Строка 12248: Удалены пустые строки (разрывы абзацев) внутри формулы.
[INFO] Строка 12257: Удалены пустые строки (разрывы абзацев) внутри формулы.
[INFO] Строка 12264: Удалены пустые строки (разрывы абзацев) внутри формулы.
[INFO] Строка 12269: Удалены пустые строки (разрывы абзацев) внутри формулы.
[INFO] Строка 12279: Удалены пустые строки (разрывы абзацев) внутри формулы.
[INFO] Строка 12297: Удалены пустые строки (разрывы абзацев) внутри формулы.
[INFO] Строка 12307: Удалены пустые строки (разрывы абзацев) внутри формулы.
[INFO] Строка 12319: Удалены пустые строки (разрывы абзацев) внутри формулы.
[INFO] Строка 12327: Удалены пустые строки (разрывы абзацев) внутри формулы.
[INFO] Строка 12351: Удалены пустые строки (разрывы абзацев) внутри формулы.
[INFO] Строка 12355: Удалены пустые строки (разрывы абзацев) внутри формулы.
[INFO] Строка 12360: Удалены пустые строки (разрывы абзацев) внутри формулы.
[INFO] Строка 12364: Удалены пустые строки (разрывы абзацев) внутри формулы.
[INFO] Строка 12369: Удалены пустые строки (разрывы абзацев) внутри формулы.
[INFO] Строка 12383: Удалены пустые строки (разрывы абзацев) внутри формулы.
[INFO] Строка 12388: Удалены пустые строки (разрывы абзацев) внутри формулы.
[INFO] Строка 12396: Удалены пустые строки (разрывы абзацев) внутри формулы.
[INFO] Строка 12418: Удалены пустые строки (разрывы абзацев) внутри формулы.
[INFO] Строка 12583: Удалены пустые строки (разрывы абзацев) внутри формулы.
[INFO] Строка 12590: Удалены пустые строки (разрывы абзацев) внутри формулы.
[INFO] Строка 12605: Удалены пустые строки (разрывы абзацев) внутри формулы.
[INFO] Строка 12615: Удалены пустые строки (разрывы абзацев) внутри формулы.
[INFO] Строка 12626: Удалены пустые строки (разрывы абзацев) внутри формулы.
[INFO] Строка 12671: Удалены пустые строки (разрывы абзацев) внутри формулы.
[INFO] Строка 12743: Удалены пустые строки (разрывы абзацев) внутри формулы.
[INFO] Строка 12751: Удалены пустые строки (разрывы абзацев) внутри формулы.
[INFO] Строка 12756: Удалены пустые строки (разрывы абзацев) внутри формулы.
[INFO] Строка 12766: Удалены пустые строки (разрывы абзацев) внутри формулы.
[INFO] Строка 12795: Удалены пустые строки (разрывы абзацев) внутри формулы.
[INFO] Строка 12825: Удалены пустые строки (разрывы абзацев) внутри формулы.
[INFO] Строка 12859: Удалены пустые строки (разрывы абзацев) внутри формулы.
[INFO] Строка 12871: Удалены пустые строки (разрывы абзацев) внутри формулы.
[INFO] Строка 12972: Удалены пустые строки (разрывы абзацев) внутри формулы.
[INFO] Строка 12989: Удалены пустые строки (разрывы абзацев) внутри формулы.
[INFO] Строка 13005: Удалены пустые строки (разрывы абзацев) внутри формулы.
[INFO] Строка 13018: Удалены пустые строки (разрывы абзацев) внутри формулы.
[INFO] Строка 13027: Удалены пустые строки (разрывы абзацев) внутри формулы.
[INFO] Строка 13042: Удалены пустые строки (разрывы абзацев) внутри формулы.
[INFO] Строка 13050: Удалены пустые строки (разрывы абзацев) внутри формулы.
[INFO] Строка 13060: Удалены пустые строки (разрывы абзацев) внутри формулы.
[INFO] Строка 13068: Удалены пустые строки (разрывы абзацев) внутри формулы.
[INFO] Строка 13094: Удалены пустые строки (разрывы абзацев) внутри формулы.
[INFO] Строка 13112: Удалены пустые строки (разрывы абзацев) внутри формулы.
[INFO] Строка 13120: Удалены пустые строки (разрывы абзацев) внутри формулы.
[INFO] Строка 13134: Удалены пустые строки (разрывы абзацев) внутри формулы.
[INFO] Строка 13609: Удалены пустые строки (разрывы абзацев) внутри формулы.
[INFO] Строка 13639: Удалены пустые строки (разрывы абзацев) внутри формулы.
[INFO] Строка 13676: Удалены пустые строки (разрывы абзацев) внутри формулы.
[INFO] Строка 13685: Удалены пустые строки (разрывы абзацев) внутри формулы.
[INFO] Строка 13693: Удалены пустые строки (разрывы абзацев) внутри формулы.
[INFO] Строка 13696: Удалены пустые строки (разрывы абзацев) внутри формулы.
[INFO] Строка 13717: Удалены пустые строки (разрывы абзацев) внутри формулы.
[INFO] Строка 13731: Удалены пустые строки (разрывы абзацев) внутри формулы.
[INFO] Строка 13747: Удалены пустые строки (разрывы абзацев) внутри формулы.
[INFO] Строка 13781: Удалены пустые строки (разрывы абзацев) внутри формулы.
[INFO] Строка 13799: Удалены пустые строки (разрывы абзацев) внутри формулы.
[INFO] Строка 13807: Удалены пустые строки (разрывы абзацев) внутри формулы.
[INFO] Строка 13812: Удалены пустые строки (разрывы абзацев) внутри формулы.
[INFO] Строка 13820: Удалены пустые строки (разрывы абзацев) внутри формулы.
[INFO] Строка 13836: Удалены пустые строки (разрывы абзацев) внутри формулы.
[INFO] Строка 13850: Удалены пустые строки (разрывы абзацев) внутри формулы.
[INFO] Строка 13870: Удалены пустые строки (разрывы абзацев) внутри формулы.
[INFO] Строка 13880: Удалены пустые строки (разрывы абзацев) внутри формулы.
[INFO] Строка 13890: Удалены пустые строки (разрывы абзацев) внутри формулы.
[INFO] Строка 13904: Удалены пустые строки (разрывы абзацев) внутри формулы.
[INFO] Строка 13924: Удалены пустые строки (разрывы абзацев) внутри формулы.
[INFO] Строка 13934: Удалены пустые строки (разрывы абзацев) внутри формулы.
[INFO] Строка 13944: Удалены пустые строки (разрывы абзацев) внутри формулы.
[INFO] Строка 13964: Удалены пустые строки (разрывы абзацев) внутри формулы.
[INFO] Строка 13976: Удалены пустые строки (разрывы абзацев) внутри формулы.
[INFO] Строка 13984: Удалены пустые строки (разрывы абзацев) внутри формулы.
[INFO] Строка 13996: Удалены пустые строки (разрывы абзацев) внутри формулы.
[INFO] Строка 14010: Удалены пустые строки (разрывы абзацев) внутри формулы.
[INFO] Строка 14020: Удалены пустые строки (разрывы абзацев) внутри формулы.
[INFO] Строка 14034: Удалены пустые строки (разрывы абзацев) внутри формулы.
[INFO] Строка 14077: Удалены пустые строки (разрывы абзацев) внутри формулы.
[INFO] Строка 14084: Удалены пустые строки (разрывы абзацев) внутри формулы.
[INFO] Строка 14102: Удалены пустые строки (разрывы абзацев) внутри формулы.
[INFO] Строка 14297: Удалены пустые строки (разрывы абзацев) внутри формулы.
[INFO] Строка 14333: Удалены пустые строки (разрывы абзацев) внутри формулы.
[INFO] Строка 14340: Удалены пустые строки (разрывы абзацев) внутри формулы.
[INFO] Строка 14372: Удалены пустые строки (разрывы абзацев) внутри формулы.
[INFO] Строка 14381: Удалены пустые строки (разрывы абзацев) внутри формулы.
[INFO] Строка 14389: Удалены пустые строки (разрывы абзацев) внутри формулы.
[INFO] Строка 14397: Удалены пустые строки (разрывы абзацев) внутри формулы.
[INFO] Строка 14408: Удалены пустые строки (разрывы абзацев) внутри формулы.
[INFO] Строка 14418: Удалены пустые строки (разрывы абзацев) внутри формулы.
[INFO] Строка 14428: Удалены пустые строки (разрывы абзацев) внутри формулы.
[INFO] Строка 14436: Удалены пустые строки (разрывы абзацев) внутри формулы.
[INFO] Строка 14450: Удалены пустые строки (разрывы абзацев) внутри формулы.
[INFO] Строка 14460: Удалены пустые строки (разрывы абзацев) внутри формулы.
[INFO] Строка 14470: Удалены пустые строки (разрывы абзацев) внутри формулы.
[INFO] Строка 14475: Удалены пустые строки (разрывы абзацев) внутри формулы.
[INFO] Строка 14484: Удалены пустые строки (разрывы абзацев) внутри формулы.
[INFO] Строка 14500: Удалены пустые строки (разрывы абзацев) внутри формулы.
[INFO] Строка 14510: Удалены пустые строки (разрывы абзацев) внутри формулы.
[INFO] Строка 14619: Удалены пустые строки (разрывы абзацев) внутри формулы.
[INFO] Строка 14624: Удалены пустые строки (разрывы абзацев) внутри формулы.
[INFO] Строка 14634: Удалены пустые строки (разрывы абзацев) внутри формулы.
[INFO] Строка 14658: Удалены пустые строки (разрывы абзацев) внутри формулы.
[INFO] Строка 14663: Удалены пустые строки (разрывы абзацев) внутри формулы.
[INFO] Строка 14677: Удалены пустые строки (разрывы абзацев) внутри формулы.
[INFO] Строка 14685: Удалены пустые строки (разрывы абзацев) внутри формулы.
[INFO] Строка 14693: Удалены пустые строки (разрывы абзацев) внутри формулы.
[INFO] Строка 14707: Удалены пустые строки (разрывы абзацев) внутри формулы.
[INFO] Строка 14717: Удалены пустые строки (разрывы абзацев) внутри формулы.
[INFO] Строка 14722: Удалены пустые строки (разрывы абзацев) внутри формулы.
[INFO] Строка 14731: Удалены пустые строки (разрывы абзацев) внутри формулы.
[INFO] Строка 14736: Удалены пустые строки (разрывы абзацев) внутри формулы.
[INFO] Строка 14741: Удалены пустые строки (разрывы абзацев) внутри формулы.
[INFO] Строка 14744: Удалены пустые строки (разрывы абзацев) внутри формулы.
[INFO] Строка 14751: Удалены пустые строки (разрывы абзацев) внутри формулы.
[INFO] Строка 14763: Удалены пустые строки (разрывы абзацев) внутри формулы.
[INFO] Строка 14779: Удалены пустые строки (разрывы абзацев) внутри формулы.
[INFO] Строка 14795: Удалены пустые строки (разрывы абзацев) внутри формулы.
[INFO] Строка 14803: Удалены пустые строки (разрывы абзацев) внутри формулы.
[INFO] Строка 14815: Удалены пустые строки (разрывы абзацев) внутри формулы.
[INFO] Строка 14818: Удалены пустые строки (разрывы абзацев) внутри формулы.
[INFO] Строка 14826: Удалены пустые строки (разрывы абзацев) внутри формулы.
[INFO] Строка 14834: Удалены пустые строки (разрывы абзацев) внутри формулы.
[INFO] Строка 14924: Удалены пустые строки (разрывы абзацев) внутри формулы.
[INFO] Строка 14951: Удалены пустые строки (разрывы абзацев) внутри формулы.
[INFO] Строка 14959: Удалены пустые строки (разрывы абзацев) внутри формулы.
[INFO] Строка 15153: Удалены пустые строки (разрывы абзацев) внутри формулы.
[INFO] Строка 15160: Удалены пустые строки (разрывы абзацев) внутри формулы.
[INFO] Строка 15170: Удалены пустые строки (разрывы абзацев) внутри формулы.